{"/Users/towalker/Desktop/transaction-client/src/client.ts": {"path":"/Users/towalker/Desktop/transaction-client/src/client.ts","statementMap":{"0":{"start":{"line":1,"column":0},"end":{"line":1,"column":26}},"1":{"start":{"line":19,"column":4},"end":{"line":19,"column":20}},"2":{"start":{"line":20,"column":4},"end":{"line":20,"column":29}},"3":{"start":{"line":33,"column":36},"end":{"line":33,"column":38}},"4":{"start":{"line":34,"column":36},"end":{"line":34,"column":38}},"5":{"start":{"line":36,"column":4},"end":{"line":46,"column":null}},"6":{"start":{"line":38,"column":6},"end":{"line":45,"column":null}},"7":{"start":{"line":39,"column":8},"end":{"line":39,"column":38}},"8":{"start":{"line":40,"column":8},"end":{"line":44,"column":11}},"9":{"start":{"line":42,"column":12},"end":{"line":42,"column":70}},"10":{"start":{"line":43,"column":10},"end":{"line":43,"column":45}},"11":{"start":{"line":48,"column":4},"end":{"line":48,"column":45}},"12":{"start":{"line":58,"column":28},"end":{"line":58,"column":41}},"13":{"start":{"line":59,"column":34},"end":{"line":59,"column":36}},"14":{"start":{"line":60,"column":34},"end":{"line":60,"column":36}},"15":{"start":{"line":61,"column":28},"end":{"line":61,"column":30}},"16":{"start":{"line":62,"column":36},"end":{"line":64,"column":6}},"17":{"start":{"line":66,"column":4},"end":{"line":93,"column":null}},"18":{"start":{"line":68,"column":6},"end":{"line":68,"column":40}},"19":{"start":{"line":71,"column":23},"end":{"line":77,"column":8}},"20":{"start":{"line":71,"column":69},"end":{"line":77,"column":8}},"21":{"start":{"line":72,"column":8},"end":{"line":72,"column":38}},"22":{"start":{"line":73,"column":8},"end":{"line":76,"column":11}},"23":{"start":{"line":80,"column":6},"end":{"line":80,"column":61}},"24":{"start":{"line":83,"column":6},"end":{"line":92,"column":null}},"25":{"start":{"line":84,"column":8},"end":{"line":84,"column":38}},"26":{"start":{"line":85,"column":8},"end":{"line":85,"column":50}},"27":{"start":{"line":87,"column":8},"end":{"line":87,"column":79}},"28":{"start":{"line":87,"column":35},"end":{"line":87,"column":79}},"29":{"start":{"line":88,"column":8},"end":{"line":89,"column":60}},"30":{"start":{"line":89,"column":10},"end":{"line":89,"column":60}},"31":{"start":{"line":91,"column":8},"end":{"line":91,"column":14}},"32":{"start":{"line":95,"column":4},"end":{"line":99,"column":null}},"33":{"start":{"line":96,"column":6},"end":{"line":98,"column":8}},"34":{"start":{"line":101,"column":4},"end":{"line":101,"column":23}},"35":{"start":{"line":110,"column":4},"end":{"line":112,"column":null}},"36":{"start":{"line":111,"column":6},"end":{"line":111,"column":78}},"37":{"start":{"line":113,"column":4},"end":{"line":113,"column":26}},"38":{"start":{"line":114,"column":4},"end":{"line":114,"column":16}},"39":{"start":{"line":123,"column":4},"end":{"line":123,"column":22}},"40":{"start":{"line":132,"column":4},"end":{"line":132,"column":31}},"41":{"start":{"line":11,"column":0},"end":{"line":11,"column":21}}},"fnMap":{"0":{"name":"(anonymous_7)","decl":{"start":{"line":18,"column":2},"end":{"line":18,"column":null}},"loc":{"start":{"line":18,"column":2},"end":{"line":21,"column":3}}},"1":{"name":"(anonymous_8)","decl":{"start":{"line":29,"column":8},"end":{"line":29,"column":17}},"loc":{"start":{"line":31,"column":25},"end":{"line":49,"column":null}}},"2":{"name":"(anonymous_10)","decl":{"start":{"line":40,"column":47},"end":{"line":40,"column":48}},"loc":{"start":{"line":40,"column":51},"end":{"line":44,"column":9}}},"3":{"name":"(anonymous_11)","decl":{"start":{"line":57,"column":8},"end":{"line":57,"column":13}},"loc":{"start":{"line":57,"column":52},"end":{"line":102,"column":null}}},"4":{"name":"(anonymous_13)","decl":{"start":{"line":71,"column":59},"end":{"line":71,"column":65}},"loc":{"start":{"line":71,"column":69},"end":{"line":77,"column":8}}},"5":{"name":"(anonymous_14)","decl":{"start":{"line":71,"column":69},"end":{"line":71,"column":null}},"loc":{"start":{"line":71,"column":69},"end":{"line":77,"column":7}}},"6":{"name":"(anonymous_15)","decl":{"start":{"line":109,"column":2},"end":{"line":109,"column":9}},"loc":{"start":{"line":109,"column":20},"end":{"line":115,"column":3}}},"7":{"name":"(anonymous_16)","decl":{"start":{"line":122,"column":2},"end":{"line":122,"column":10}},"loc":{"start":{"line":122,"column":10},"end":{"line":124,"column":3}}},"8":{"name":"(anonymous_17)","decl":{"start":{"line":131,"column":2},"end":{"line":131,"column":19}},"loc":{"start":{"line":131,"column":19},"end":{"line":133,"column":3}}}},"branchMap":{"0":{"loc":{"start":{"line":36,"column":4},"end":{"line":46,"column":null}},"type":"if","locations":[{"start":{"line":36,"column":4},"end":{"line":46,"column":null}},{"start":{"line":36,"column":4},"end":{"line":46,"column":null}}]},"1":{"loc":{"start":{"line":42,"column":33},"end":{"line":42,"column":34}},"type":"cond-expr","locations":[{"start":{"line":42,"column":33},"end":{"line":42,"column":34}},{"start":{"line":42,"column":37},"end":{"line":42,"column":70}}]},"2":{"loc":{"start":{"line":42,"column":47},"end":{"line":42,"column":48}},"type":"binary-expr","locations":[{"start":{"line":42,"column":47},"end":{"line":42,"column":48}},{"start":{"line":42,"column":52},"end":{"line":42,"column":69}}]},"3":{"loc":{"start":{"line":57,"column":30},"end":{"line":57,"column":52}},"type":"default-arg","locations":[{"start":{"line":57,"column":30},"end":{"line":57,"column":52}}]},"4":{"loc":{"start":{"line":83,"column":6},"end":{"line":92,"column":null}},"type":"if","locations":[{"start":{"line":83,"column":6},"end":{"line":92,"column":null}},{"start":{"line":83,"column":6},"end":{"line":92,"column":null}}]},"5":{"loc":{"start":{"line":87,"column":8},"end":{"line":87,"column":79}},"type":"if","locations":[{"start":{"line":87,"column":8},"end":{"line":87,"column":79}},{"start":{"line":87,"column":8},"end":{"line":87,"column":79}}]},"6":{"loc":{"start":{"line":88,"column":8},"end":{"line":89,"column":60}},"type":"if","locations":[{"start":{"line":88,"column":8},"end":{"line":89,"column":60}},{"start":{"line":88,"column":8},"end":{"line":89,"column":60}}]},"7":{"loc":{"start":{"line":95,"column":4},"end":{"line":99,"column":null}},"type":"if","locations":[{"start":{"line":95,"column":4},"end":{"line":99,"column":null}},{"start":{"line":95,"column":4},"end":{"line":99,"column":null}}]},"8":{"loc":{"start":{"line":95,"column":8},"end":{"line":95,"column":19}},"type":"binary-expr","locations":[{"start":{"line":95,"column":8},"end":{"line":95,"column":19}},{"start":{"line":95,"column":23},"end":{"line":95,"column":45}}]},"9":{"loc":{"start":{"line":110,"column":4},"end":{"line":112,"column":null}},"type":"if","locations":[{"start":{"line":110,"column":4},"end":{"line":112,"column":null}},{"start":{"line":110,"column":4},"end":{"line":112,"column":null}}]}},"s":{"0":1,"1":14,"2":14,"3":6,"4":6,"5":6,"6":6,"7":11,"8":11,"9":5,"10":5,"11":6,"12":9,"13":9,"14":9,"15":9,"16":9,"17":9,"18":18,"19":18,"20":5,"21":5,"22":5,"23":18,"24":18,"25":5,"26":5,"27":5,"28":4,"29":5,"30":5,"31":5,"32":9,"33":0,"34":9,"35":24,"36":1,"37":23,"38":23,"39":2,"40":1,"41":1},"f":{"0":14,"1":6,"2":5,"3":9,"4":5,"5":5,"6":24,"7":2,"8":1},"b":{"0":[6,0],"1":[5,0],"2":[0,0],"3":[9],"4":[5,13],"5":[4,1],"6":[5,0],"7":[0,9],"8":[9,0],"9":[1,23]}}
,"/Users/towalker/Desktop/transaction-client/src/helpers.ts": {"path":"/Users/towalker/Desktop/transaction-client/src/helpers.ts","statementMap":{"0":{"start":{"line":1,"column":0},"end":{"line":1,"column":28}},"1":{"start":{"line":2,"column":0},"end":{"line":2,"column":36}},"2":{"start":{"line":12,"column":13},"end":{"line":26,"column":2}},"3":{"start":{"line":17,"column":2},"end":{"line":24,"column":null}},"4":{"start":{"line":21,"column":4},"end":{"line":23,"column":6}},"5":{"start":{"line":25,"column":2},"end":{"line":25,"column":18}},"6":{"start":{"line":28,"column":13},"end":{"line":29,"column":43}},"7":{"start":{"line":29,"column":2},"end":{"line":29,"column":42}},"8":{"start":{"line":31,"column":13},"end":{"line":66,"column":5}},"9":{"start":{"line":32,"column":20},"end":{"line":36,"column":4}},"10":{"start":{"line":37,"column":22},"end":{"line":46,"column":3}},"11":{"start":{"line":38,"column":4},"end":{"line":45,"column":null}},"12":{"start":{"line":40,"column":8},"end":{"line":40,"column":22}},"13":{"start":{"line":42,"column":8},"end":{"line":42,"column":23}},"14":{"start":{"line":44,"column":8},"end":{"line":44,"column":22}},"15":{"start":{"line":48,"column":2},"end":{"line":65,"column":4}},"16":{"start":{"line":50,"column":19},"end":{"line":50,"column":39}},"17":{"start":{"line":51,"column":22},"end":{"line":51,"column":38}},"18":{"start":{"line":52,"column":21},"end":{"line":61,"column":8}},"19":{"start":{"line":63,"column":6},"end":{"line":63,"column":28}}},"fnMap":{"0":{"name":"(anonymous_1)","decl":{"start":{"line":12,"column":32},"end":{"line":12,"column":null}},"loc":{"start":{"line":16,"column":7},"end":{"line":26,"column":1}}},"1":{"name":"(anonymous_2)","decl":{"start":{"line":28,"column":27},"end":{"line":28,"column":28}},"loc":{"start":{"line":29,"column":2},"end":{"line":29,"column":42}}},"2":{"name":"(anonymous_3)","decl":{"start":{"line":31,"column":20},"end":{"line":31,"column":23}},"loc":{"start":{"line":31,"column":25},"end":{"line":66,"column":1}}},"3":{"name":"(anonymous_4)","decl":{"start":{"line":37,"column":22},"end":{"line":37,"column":23}},"loc":{"start":{"line":37,"column":47},"end":{"line":46,"column":3}}},"4":{"name":"(anonymous_5)","decl":{"start":{"line":49,"column":11},"end":{"line":49,"column":12}},"loc":{"start":{"line":49,"column":35},"end":{"line":64,"column":5}}}},"branchMap":{"0":{"loc":{"start":{"line":17,"column":2},"end":{"line":24,"column":null}},"type":"if","locations":[{"start":{"line":17,"column":2},"end":{"line":24,"column":null}},{"start":{"line":17,"column":2},"end":{"line":24,"column":null}}]},"1":{"loc":{"start":{"line":18,"column":5},"end":{"line":18,"column":29}},"type":"binary-expr","locations":[{"start":{"line":18,"column":5},"end":{"line":18,"column":29}},{"start":{"line":18,"column":33},"end":{"line":18,"column":57}},{"start":{"line":19,"column":5},"end":{"line":19,"column":24}},{"start":{"line":19,"column":28},"end":{"line":19,"column":59}}]},"2":{"loc":{"start":{"line":29,"column":25},"end":{"line":29,"column":36}},"type":"cond-expr","locations":[{"start":{"line":29,"column":25},"end":{"line":29,"column":36}},{"start":{"line":29,"column":39},"end":{"line":29,"column":42}}]},"3":{"loc":{"start":{"line":39,"column":6},"end":{"line":40,"column":22}},"type":"switch","locations":[{"start":{"line":39,"column":6},"end":{"line":40,"column":22}},{"start":{"line":41,"column":6},"end":{"line":42,"column":23}},{"start":{"line":43,"column":6},"end":{"line":44,"column":22}}]},"4":{"loc":{"start":{"line":56,"column":13},"end":{"line":56,"column":33}},"type":"binary-expr","locations":[{"start":{"line":56,"column":13},"end":{"line":56,"column":33}},{"start":{"line":56,"column":37},"end":{"line":56,"column":50}}]}},"s":{"0":3,"1":3,"2":3,"3":93,"4":4,"5":89,"6":3,"7":23,"8":3,"9":3,"10":3,"11":23,"12":0,"13":23,"14":0,"15":3,"16":23,"17":23,"18":23,"19":23},"f":{"0":93,"1":23,"2":3,"3":23,"4":23},"b":{"0":[4,89],"1":[93,92,89,1],"2":[11,12],"3":[0,23,0],"4":[23,0]}}
,"/Users/towalker/Desktop/transaction-client/src/step.ts": {"path":"/Users/towalker/Desktop/transaction-client/src/step.ts","statementMap":{"0":{"start":{"line":1,"column":0},"end":{"line":1,"column":50}},"1":{"start":{"line":19,"column":40},"end":{"line":19,"column":null}},"2":{"start":{"line":21,"column":4},"end":{"line":21,"column":66}},"3":{"start":{"line":22,"column":4},"end":{"line":26,"column":6}},"4":{"start":{"line":27,"column":4},"end":{"line":31,"column":6}},"5":{"start":{"line":32,"column":4},"end":{"line":32,"column":22}},"6":{"start":{"line":33,"column":4},"end":{"line":33,"column":30}},"7":{"start":{"line":43,"column":4},"end":{"line":48,"column":7}},"8":{"start":{"line":44,"column":6},"end":{"line":44,"column":19}},"9":{"start":{"line":45,"column":6},"end":{"line":47,"column":8}},"10":{"start":{"line":50,"column":4},"end":{"line":50,"column":24}},"11":{"start":{"line":61,"column":4},"end":{"line":61,"column":30}},"12":{"start":{"line":63,"column":4},"end":{"line":68,"column":7}},"13":{"start":{"line":66,"column":6},"end":{"line":66,"column":19}},"14":{"start":{"line":67,"column":6},"end":{"line":67,"column":77}},"15":{"start":{"line":70,"column":4},"end":{"line":70,"column":32}},"16":{"start":{"line":78,"column":4},"end":{"line":78,"column":22}},"17":{"start":{"line":86,"column":4},"end":{"line":86,"column":29}},"18":{"start":{"line":94,"column":4},"end":{"line":94,"column":30}},"19":{"start":{"line":102,"column":4},"end":{"line":102,"column":24}},"20":{"start":{"line":110,"column":4},"end":{"line":110,"column":32}},"21":{"start":{"line":3,"column":0},"end":{"line":3,"column":21}}},"fnMap":{"0":{"name":"(anonymous_6)","decl":{"start":{"line":16,"column":2},"end":{"line":16,"column":null}},"loc":{"start":{"line":19,"column":43},"end":{"line":34,"column":3}}},"1":{"name":"(anonymous_7)","decl":{"start":{"line":19,"column":29},"end":{"line":19,"column":38}},"loc":{"start":{"line":19,"column":40},"end":{"line":19,"column":null}}},"2":{"name":"(anonymous_8)","decl":{"start":{"line":19,"column":40},"end":{"line":19,"column":42}},"loc":{"start":{"line":19,"column":40},"end":{"line":19,"column":43}}},"3":{"name":"(anonymous_9)","decl":{"start":{"line":42,"column":8},"end":{"line":42,"column":13}},"loc":{"start":{"line":42,"column":23},"end":{"line":51,"column":null}}},"4":{"name":"(anonymous_11)","decl":{"start":{"line":43,"column":72},"end":{"line":43,"column":73}},"loc":{"start":{"line":43,"column":76},"end":{"line":48,"column":5}}},"5":{"name":"(anonymous_12)","decl":{"start":{"line":60,"column":8},"end":{"line":60,"column":16}},"loc":{"start":{"line":60,"column":50},"end":{"line":71,"column":null}}},"6":{"name":"(anonymous_14)","decl":{"start":{"line":65,"column":12},"end":{"line":65,"column":13}},"loc":{"start":{"line":65,"column":16},"end":{"line":68,"column":5}}},"7":{"name":"(anonymous_15)","decl":{"start":{"line":77,"column":2},"end":{"line":77,"column":6}},"loc":{"start":{"line":77,"column":10},"end":{"line":79,"column":3}}},"8":{"name":"(anonymous_16)","decl":{"start":{"line":85,"column":2},"end":{"line":85,"column":18}},"loc":{"start":{"line":85,"column":18},"end":{"line":87,"column":3}}},"9":{"name":"(anonymous_17)","decl":{"start":{"line":93,"column":2},"end":{"line":93,"column":21}},"loc":{"start":{"line":93,"column":21},"end":{"line":95,"column":3}}},"10":{"name":"(anonymous_18)","decl":{"start":{"line":101,"column":2},"end":{"line":101,"column":11}},"loc":{"start":{"line":101,"column":11},"end":{"line":103,"column":3}}},"11":{"name":"(anonymous_19)","decl":{"start":{"line":109,"column":2},"end":{"line":109,"column":19}},"loc":{"start":{"line":109,"column":19},"end":{"line":111,"column":3}}}},"branchMap":{"0":{"loc":{"start":{"line":19,"column":29},"end":{"line":19,"column":null}},"type":"default-arg","locations":[{"start":{"line":19,"column":29},"end":{"line":19,"column":null}}]},"1":{"loc":{"start":{"line":61,"column":4},"end":{"line":61,"column":9}},"type":"binary-expr","locations":[{"start":{"line":61,"column":4},"end":{"line":61,"column":9}},{"start":{"line":61,"column":13},"end":{"line":61,"column":29}}]}},"s":{"0":2,"1":0,"2":31,"3":30,"4":29,"5":28,"6":28,"7":22,"8":6,"9":6,"10":16,"11":15,"12":15,"13":6,"14":6,"15":9,"16":17,"17":1,"18":1,"19":1,"20":1,"21":2},"f":{"0":31,"1":0,"2":0,"3":22,"4":6,"5":15,"6":6,"7":17,"8":1,"9":1,"10":1,"11":1},"b":{"0":[0],"1":[15,11]}}
}
